# JRE version: OpenJDK Runtime Environment (8.0_152-b01) (build 1.8.0_152-release-915-b01)
# Java VM: OpenJDK 64-Bit Server VM (25.152-b01 mixed mode windows-amd64 compressed oops)
Heap:
 PSYoungGen      total 253952K, used 25167K [0x00000000eab00000, 0x00000000fbf80000, 0x0000000100000000)
  eden space 229888K, 6% used [0x00000000eab00000,0x00000000eb9235d0,0x00000000f8b80000)
  from space 24064K, 44% used [0x00000000fa800000,0x00000000fb270928,0x00000000fbf80000)
  to   space 24064K, 0% used [0x00000000f8b80000,0x00000000f8b80000,0x00000000fa300000)
 ParOldGen       total 80896K, used 42892K [0x00000000c0000000, 0x00000000c4f00000, 0x00000000eab00000)
  object space 80896K, 53% used [0x00000000c0000000,0x00000000c29e3388,0x00000000c4f00000)
 Metaspace       used 54887K, capacity 57034K, committed 57128K, reserved 1097728K
  class space    used 7330K, capacity 7912K, committed 7976K, reserved 1048576K
GC Heap History (10 events):
Event: 30.436 GC heap before
{Heap before GC invocations=13 (full 2):
 PSYoungGen      total 167424K, used 156672K [0x00000000eab00000, 0x00000000f5c00000, 0x0000000100000000)
  eden space 156672K, 100% used [0x00000000eab00000,0x00000000f4400000,0x00000000f4400000)
  from space 10752K, 0% used [0x00000000f5180000,0x00000000f5180000,0x00000000f5c00000)
  to   space 12288K, 0% used [0x00000000f4400000,0x00000000f4400000,0x00000000f5000000)
 ParOldGen       total 80896K, used 17805K [0x00000000c0000000, 0x00000000c4f00000, 0x00000000eab00000)
  object space 80896K, 22% used [0x00000000c0000000,0x00000000c1163770,0x00000000c4f00000)
 Metaspace       used 44342K, capacity 45186K, committed 45480K, reserved 1089536K
  class space    used 5770K, capacity 5982K, committed 6056K, reserved 1048576K
Event: 30.468 GC heap after
Heap after GC invocations=13 (full 2):
 PSYoungGen      total 168960K, used 12283K [0x00000000eab00000, 0x00000000fb280000, 0x0000000100000000)
  eden space 156672K, 0% used [0x00000000eab00000,0x00000000eab00000,0x00000000f4400000)
  from space 12288K, 99% used [0x00000000f4400000,0x00000000f4ffedd8,0x00000000f5000000)
  to   space 15872K, 0% used [0x00000000fa300000,0x00000000fa300000,0x00000000fb280000)
 ParOldGen       total 80896K, used 22521K [0x00000000c0000000, 0x00000000c4f00000, 0x00000000eab00000)
  object space 80896K, 27% used [0x00000000c0000000,0x00000000c15fe678,0x00000000c4f00000)
 Metaspace       used 44342K, capacity 45186K, committed 45480K, reserved 1089536K
  class space    used 5770K, capacity 5982K, committed 6056K, reserved 1048576K
}
Event: 33.782 GC heap before
{Heap before GC invocations=14 (full 2):
 PSYoungGen      total 168960K, used 168955K [0x00000000eab00000, 0x00000000fb280000, 0x0000000100000000)
  eden space 156672K, 100% used [0x00000000eab00000,0x00000000f4400000,0x00000000f4400000)
  from space 12288K, 99% used [0x00000000f4400000,0x00000000f4ffedd8,0x00000000f5000000)
  to   space 15872K, 0% used [0x00000000fa300000,0x00000000fa300000,0x00000000fb280000)
 ParOldGen       total 80896K, used 22521K [0x00000000c0000000, 0x00000000c4f00000, 0x00000000eab00000)
  object space 80896K, 27% used [0x00000000c0000000,0x00000000c15fe678,0x00000000c4f00000)
 Metaspace       used 49355K, capacity 50632K, committed 50856K, reserved 1093632K
  class space    used 6626K, capacity 6968K, committed 7080K, reserved 1048576K
Event: 33.837 GC heap after
Heap after GC invocations=14 (full 2):
 PSYoungGen      total 245760K, used 15872K [0x00000000eab00000, 0x00000000fbf80000, 0x0000000100000000)
  eden space 229888K, 0% used [0x00000000eab00000,0x00000000eab00000,0x00000000f8b80000)
  from space 15872K, 100% used [0x00000000fa300000,0x00000000fb280000,0x00000000fb280000)
  to   space 24064K, 0% used [0x00000000f8b80000,0x00000000f8b80000,0x00000000fa300000)
 ParOldGen       total 80896K, used 38453K [0x00000000c0000000, 0x00000000c4f00000, 0x00000000eab00000)
  object space 80896K, 47% used [0x00000000c0000000,0x00000000c258d6b0,0x00000000c4f00000)
 Metaspace       used 49355K, capacity 50632K, committed 50856K, reserved 1093632K
  class space    used 6626K, capacity 6968K, committed 7080K, reserved 1048576K
}
Event: 34.815 GC heap before
{Heap before GC invocations=15 (full 2):
 PSYoungGen      total 245760K, used 44060K [0x00000000eab00000, 0x00000000fbf80000, 0x0000000100000000)
  eden space 229888K, 12% used [0x00000000eab00000,0x00000000ec687030,0x00000000f8b80000)
  from space 15872K, 100% used [0x00000000fa300000,0x00000000fb280000,0x00000000fb280000)
  to   space 24064K, 0% used [0x00000000f8b80000,0x00000000f8b80000,0x00000000fa300000)
 ParOldGen       total 80896K, used 38453K [0x00000000c0000000, 0x00000000c4f00000, 0x00000000eab00000)
  object space 80896K, 47% used [0x00000000c0000000,0x00000000c258d6b0,0x00000000c4f00000)
 Metaspace       used 50710K, capacity 52508K, committed 52648K, reserved 1095680K
  class space    used 6848K, capacity 7326K, committed 7336K, reserved 1048576K
Event: 34.899 GC heap after
Heap after GC invocations=15 (full 2):
 PSYoungGen      total 253952K, used 2440K [0x00000000eab00000, 0x00000000fbf80000, 0x0000000100000000)
  eden space 229888K, 0% used [0x00000000eab00000,0x00000000eab00000,0x00000000f8b80000)
  from space 24064K, 10% used [0x00000000f8b80000,0x00000000f8de2110,0x00000000fa300000)
  to   space 24064K, 0% used [0x00000000fa800000,0x00000000fa800000,0x00000000fbf80000)
 ParOldGen       total 80896K, used 54242K [0x00000000c0000000, 0x00000000c4f00000, 0x00000000eab00000)
  object space 80896K, 67% used [0x00000000c0000000,0x00000000c34f8860,0x00000000c4f00000)
 Metaspace       used 50710K, capacity 52508K, committed 52648K, reserved 1095680K
  class space    used 6848K, capacity 7326K, committed 7336K, reserved 1048576K
}
Event: 34.899 GC heap before
{Heap before GC invocations=16 (full 3):
 PSYoungGen      total 253952K, used 2440K [0x00000000eab00000, 0x00000000fbf80000, 0x0000000100000000)
  eden space 229888K, 0% used [0x00000000eab00000,0x00000000eab00000,0x00000000f8b80000)
  from space 24064K, 10% used [0x00000000f8b80000,0x00000000f8de2110,0x00000000fa300000)
  to   space 24064K, 0% used [0x00000000fa800000,0x00000000fa800000,0x00000000fbf80000)
 ParOldGen       total 80896K, used 54242K [0x00000000c0000000, 0x00000000c4f00000, 0x00000000eab00000)
  object space 80896K, 67% used [0x00000000c0000000,0x00000000c34f8860,0x00000000c4f00000)
 Metaspace       used 50710K, capacity 52508K, committed 52648K, reserved 1095680K
  class space    used 6848K, capacity 7326K, committed 7336K, reserved 1048576K
Event: 35.410 GC heap after
Heap after GC invocations=16 (full 3):
 PSYoungGen      total 253952K, used 0K [0x00000000eab00000, 0x00000000fbf80000, 0x0000000100000000)
  eden space 229888K, 0% used [0x00000000eab00000,0x00000000eab00000,0x00000000f8b80000)
  from space 24064K, 0% used [0x00000000f8b80000,0x00000000f8b80000,0x00000000fa300000)
  to   space 24064K, 0% used [0x00000000fa800000,0x00000000fa800000,0x00000000fbf80000)
 ParOldGen       total 80896K, used 42884K [0x00000000c0000000, 0x00000000c4f00000, 0x00000000eab00000)
  object space 80896K, 53% used [0x00000000c0000000,0x00000000c29e1388,0x00000000c4f00000)
 Metaspace       used 50710K, capacity 52508K, committed 52648K, reserved 1095680K
  class space    used 6848K, capacity 7326K, committed 7336K, reserved 1048576K
}
Event: 8823.323 GC heap before
{Heap before GC invocations=17 (full 3):
 PSYoungGen      total 253952K, used 229888K [0x00000000eab00000, 0x00000000fbf80000, 0x0000000100000000)
  eden space 229888K, 100% used [0x00000000eab00000,0x00000000f8b80000,0x00000000f8b80000)
  from space 24064K, 0% used [0x00000000f8b80000,0x00000000f8b80000,0x00000000fa300000)
  to   space 24064K, 0% used [0x00000000fa800000,0x00000000fa800000,0x00000000fbf80000)
 ParOldGen       total 80896K, used 42884K [0x00000000c0000000, 0x00000000c4f00000, 0x00000000eab00000)
  object space 80896K, 53% used [0x00000000c0000000,0x00000000c29e1388,0x00000000c4f00000)
 Metaspace       used 54435K, capacity 56492K, committed 56744K, reserved 1097728K
  class space    used 7278K, capacity 7843K, committed 7848K, reserved 1048576K
Event: 8824.893 GC heap after
Heap after GC invocations=17 (full 3):
 PSYoungGen      total 253952K, used 10690K [0x00000000eab00000, 0x00000000fbf80000, 0x0000000100000000)
  eden space 229888K, 0% used [0x00000000eab00000,0x00000000eab00000,0x00000000f8b80000)
  from space 24064K, 44% used [0x00000000fa800000,0x00000000fb270928,0x00000000fbf80000)
  to   space 24064K, 0% used [0x00000000f8b80000,0x00000000f8b80000,0x00000000fa300000)
 ParOldGen       total 80896K, used 42892K [0x00000000c0000000, 0x00000000c4f00000, 0x00000000eab00000)
  object space 80896K, 53% used [0x00000000c0000000,0x00000000c29e3388,0x00000000c4f00000)
 Metaspace       used 54435K, capacity 56492K, committed 56744K, reserved 1097728K
  class space    used 7278K, capacity 7843K, committed 7848K, reserved 1048576K
}

